<?xml version="1.0" encoding="ISO-8859-1" ?>
<!DOCTYPE html PUBLIC "-//W3C//DTD XHTML 1.0 Strict//EN"
"http://www.w3.org/TR/xhtml1/DTD/xhtml1-strict.dtd">
<html xmlns="http://www.w3.org/1999/xhtml" xml:lang="en" lang="en">
<head>
  <meta http-equiv="Content-Type" content="text/html;charset=utf-8" />
  <meta name="description" content="TestNG unit test results." />
  <link href="css/bootstrap.min.css" rel="stylesheet" />
  <link href="css/reportngClass.css" rel="stylesheet" />
  <script type="text/javascript" src="js/reportngClass.js"></script>
  <script type="text/javascript" src="js/jquery-1.4.4.min.js"></script> 
  <script type="text/javascript" src="js/jquery.tablesorter.min.js"></script>
  <script type="text/javascript" src="js/json-min.js"></script>
  <script type="text/javascript">
	$(document).ready(function(){
		$('.tablesorter').tablesorter({sortList: [[0,0]]});
	});
  </script>
</head>
<body onload="doParse(); return false;" onkeypress="collapseExpand();">
<div class="well well-large">
	<b>Test Info</>
	<table class="table">
	  <tr>
	    <th>Test Name : </th>
	    <th>
	    	<div class="tooltipCustom">
	    		<img src="images/copy.png" width="10" height="15" alt="Copy to Clipboard" onclick="copyToClipboard('#testNameId')"/>
	    		<span class="tooltiptextCustom">Copy Test name</span>
			</div>
	    </th>
	    <th id="testNameId">Testonchrome</th> 
	  </tr>
	  <tr>
	    <th>Test Class : </th>
	    <th>
	    	<div class="tooltipCustom">
	    		<img src="images/copy.png" width="10" height="15" alt="Copy to Clipboard" onclick="copyToClipboard('#testClassId')"/>
	    		<span class="tooltiptextCustom">Copy full path Class name</span>
			</div>
	    	<div class="tooltipCustom">
	    		<img src="images/copy.png" width="10" height="15" alt="Copy to Clipboard" onclick="copyToClipboard('#testClassNameId')"/>
	    		<span class="tooltiptextCustom">Copy Class name</span>
			</div>
	    </th> 
	    <th id="testClassId">Testing.LoginTest<br>Testing.CandidateAddDetailsTest<br></th>
	    <th id="testClassNameId" hidden="true">LoginTest<br>CandidateAddDetailsTest<br></th>
	  </tr>
	  <tr>
	    <th>Suite Name : </th>
	    <th>
	    	<div class="tooltipCustom">
	    		<img src="images/copy.png" width="10" height="15" alt="Copy to Clipboard" onclick="copyToClipboard('#suiteNameId')"/>
	    		<span class="tooltiptextCustom">Copy Suite name</span>
			</div>
		</th>
	    <th id="suiteNameId">HR-Automationss suite</th>
	  </tr>
	  <tr>
	    <th>Suite XML : </th>
	    <th>
	    	<div class="tooltipCustom">
	    		<img src="images/copy.png" width="10" height="15" alt="Copy to Clipboard" onclick="copyToClipboard('#suiteXMLId')"/>
	    		<span class="tooltiptextCustom">Copy Suite full path name</span>
			</div>
	    	<div class="tooltipCustom">
	    		<img src="images/copy.png" width="10" height="15" alt="Copy to Clipboard" onclick="copyToClipboard('#suiteXMLNameId')"/>
	    		<span class="tooltiptextCustom">Copy Suite file name</span>
			</div>
	    </th> 
	  	<th id="suiteXMLId">D:\Selenium data\OnboardingProcess-HRA\testng.xml</th>
	  	<th id="suiteXMLNameId" hidden="true">testng.xml</th>
	  </tr>
	  	  <tr>
	    <th>Total Time : </th>
	    <th></th>
	    <th>00:00:05</th> 
	  </tr>
	  <tr>
	    <th>Total Steps : </th>
	   	<th></th>
	    <th>4</th> 
	  </tr>
	  <tr>
	    <th>Status : </th>
	    <th></th>
	    <th><font color="red">FAIL</font></th> 
	  </tr>
	</table>
</div>
<div class="well well-large">
	<div class="row">
		<div class="col-xs-12">
	        <div class="text-right">
	            <button id="hideResults" type="button" class="btn-danger" onclick="collapseExpand(this);" onkeypress="collapseExpand(this);" class="btn pull-right" title="Click or Press Any key to collapse/expand All Failed Tests and Configuration Methods">Show Only Failures</button>
	        </div>
	    </div>
	</div>
	<table class="tablesorter" border="1">
		<thead>
		<tr>
		<th class="headerTime">Time</th>
		<th class="headerTime" width="12%">Info</th>
		<th class="headerTime" width="88%">Test</th>
		</tr>
		</thead>
		<tbody>
		
				
				
																
											<tr>
	<td class="time">1747481883019</td>
	<td class="header failed" colspan="4" onClick="toggleElement('afbee2c4-559a-452e-818f-cda8c3f1053f','block');changeSingleIcon('span-afbee2c4-559a-452e-818f-cda8c3f1053f');" title="Click to expand/collapse" style="cursor: pointer;">
	<div style="float:left;"><i>Class&nbsp;:&nbsp;</i>Testing.CandidateAddDetailsTest</div>
	<div style="float:right;">@Test @ with DataProvider : [""] &nbsp;&nbsp;<span id='span-afbee2c4-559a-452e-818f-cda8c3f1053f' class="glyphicon glyphicon-menu-down"></span></div>
	</td>
	</tr>
<tr>
	<td class="time">1747481883019</td>
	<td class="methodTest">
		<span class="description"><b>Method: </b>fillEmploymentDetailsTest</span><br>
			<span class="description"><b>Description: </b></span><br>
				<span class="description"><b>Priority: </b><font color='blue'>1</font></span><br>
						<span class="duration"><b>Duration: </b>0.691s</span><br>
	</td>
	<td class="result">
						<div class="noCollapse" id="afbee2c4-559a-452e-818f-cda8c3f1053f" style="display: block;">
												Method name is -fillEmploymentDetailsTest<br>
												&lt;a href =&quot;D:\Selenium data\OnboardingProcess-HRA\test-output\&quot;&gt;Test result &lt;/a&gt;<br>
									<a href="javascript:toggleElement('exception-afbee2c4-559a-452e-818f-cda8c3f1053f','block')" title="Click to expand/collapse"><b>java.lang.AssertionError: Add Details action failed or did not navigate correctly. expected [Expected Title After Save] but found [Home]</b></a><br/>
		<div class="stackTrace" id="exception-afbee2c4-559a-452e-818f-cda8c3f1053f">
					org.testng.Assert.fail(Assert.java:111)<br/>
					org.testng.Assert.failNotEquals(Assert.java:1590)<br/>
					org.testng.Assert.assertEqualsImpl(Assert.java:150)<br/>
					org.testng.Assert.assertEquals(Assert.java:132)<br/>
					org.testng.Assert.assertEquals(Assert.java:656)<br/>
					Testing.CandidateAddDetailsTest.fillEmploymentDetailsTest(CandidateAddDetailsTest.java:29)<br/>
					java.base/jdk.internal.reflect.DirectMethodHandleAccessor.invoke(DirectMethodHandleAccessor.java:103)<br/>
					java.base/java.lang.reflect.Method.invoke(Method.java:580)<br/>
					org.testng.internal.invokers.MethodInvocationHelper.invokeMethod(MethodInvocationHelper.java:141)<br/>
					org.testng.internal.invokers.TestInvoker.invokeMethod(TestInvoker.java:687)<br/>
					org.testng.internal.invokers.TestInvoker.invokeTestMethod(TestInvoker.java:230)<br/>
					org.testng.internal.invokers.MethodRunner.runInSequence(MethodRunner.java:63)<br/>
					org.testng.internal.invokers.TestInvoker$MethodInvocationAgent.invoke(TestInvoker.java:995)<br/>
					org.testng.internal.invokers.TestInvoker.invokeTestMethods(TestInvoker.java:203)<br/>
					org.testng.internal.invokers.TestMethodWorker.invokeTestMethods(TestMethodWorker.java:154)<br/>
					org.testng.internal.invokers.TestMethodWorker.run(TestMethodWorker.java:134)<br/>
					java.base/java.util.ArrayList.forEach(ArrayList.java:1596)<br/>
					org.testng.TestRunner.privateRun(TestRunner.java:741)<br/>
					org.testng.TestRunner.run(TestRunner.java:616)<br/>
					org.testng.SuiteRunner.runTest(SuiteRunner.java:421)<br/>
					org.testng.SuiteRunner.runSequentially(SuiteRunner.java:413)<br/>
					org.testng.SuiteRunner.privateRun(SuiteRunner.java:373)<br/>
					org.testng.SuiteRunner.run(SuiteRunner.java:312)<br/>
					org.testng.SuiteRunnerWorker.runSuite(SuiteRunnerWorker.java:52)<br/>
					org.testng.SuiteRunnerWorker.run(SuiteRunnerWorker.java:95)<br/>
					org.testng.TestNG.runSuitesSequentially(TestNG.java:1274)<br/>
					org.testng.TestNG.runSuitesLocally(TestNG.java:1208)<br/>
					org.testng.TestNG.runSuites(TestNG.java:1112)<br/>
					org.testng.TestNG.run(TestNG.java:1079)<br/>
					org.testng.remote.AbstractRemoteTestNG.run(AbstractRemoteTestNG.java:115)<br/>
					org.testng.remote.RemoteTestNG.initAndRun(RemoteTestNG.java:293)<br/>
					org.testng.remote.RemoteTestNG.main(RemoteTestNG.java:91)<br/>
						</div>
		</td>
	</div>
</tr>
									<tr>
	<td class="time">1747481882060</td>
	<td class="header failed" colspan="4" onClick="toggleElement('a807a13c-e3d8-400c-8f18-db91bbb550fd','block');changeSingleIcon('span-a807a13c-e3d8-400c-8f18-db91bbb550fd');" title="Click to expand/collapse" style="cursor: pointer;">
	<div style="float:left;"><i>Class&nbsp;:&nbsp;</i>Testing.LoginTest</div>
	<div style="float:right;">@Test @ with DataProvider : [""] &nbsp;&nbsp;<span id='span-a807a13c-e3d8-400c-8f18-db91bbb550fd' class="glyphicon glyphicon-menu-down"></span></div>
	</td>
	</tr>
<tr>
	<td class="time">1747481882060</td>
	<td class="methodTest">
		<span class="description"><b>Method: </b>TekskillsLogoTest</span><br>
			<span class="description"><b>Description: </b></span><br>
				<span class="description"><b>Priority: </b><font color='blue'>2</font></span><br>
						<span class="duration"><b>Duration: </b>0.056s</span><br>
	</td>
	<td class="result">
						<div class="noCollapse" id="a807a13c-e3d8-400c-8f18-db91bbb550fd" style="display: block;">
												Method name is -TekskillsLogoTest<br>
												&lt;a href =&quot;D:\Selenium data\OnboardingProcess-HRA\test-output\&quot;&gt;Test result &lt;/a&gt;<br>
									<a href="javascript:toggleElement('exception-a807a13c-e3d8-400c-8f18-db91bbb550fd','block')" title="Click to expand/collapse"><b>java.lang.AssertionError: expected [true] but found [false]</b></a><br/>
		<div class="stackTrace" id="exception-a807a13c-e3d8-400c-8f18-db91bbb550fd">
					org.testng.Assert.fail(Assert.java:111)<br/>
					org.testng.Assert.failNotEquals(Assert.java:1590)<br/>
					org.testng.Assert.assertTrue(Assert.java:57)<br/>
					org.testng.Assert.assertTrue(Assert.java:67)<br/>
					Testing.LoginTest.TekskillsLogoTest(LoginTest.java:35)<br/>
					java.base/jdk.internal.reflect.DirectMethodHandleAccessor.invoke(DirectMethodHandleAccessor.java:103)<br/>
					java.base/java.lang.reflect.Method.invoke(Method.java:580)<br/>
					org.testng.internal.invokers.MethodInvocationHelper.invokeMethod(MethodInvocationHelper.java:141)<br/>
					org.testng.internal.invokers.TestInvoker.invokeMethod(TestInvoker.java:687)<br/>
					org.testng.internal.invokers.TestInvoker.invokeTestMethod(TestInvoker.java:230)<br/>
					org.testng.internal.invokers.MethodRunner.runInSequence(MethodRunner.java:63)<br/>
					org.testng.internal.invokers.TestInvoker$MethodInvocationAgent.invoke(TestInvoker.java:995)<br/>
					org.testng.internal.invokers.TestInvoker.invokeTestMethods(TestInvoker.java:203)<br/>
					org.testng.internal.invokers.TestMethodWorker.invokeTestMethods(TestMethodWorker.java:154)<br/>
					org.testng.internal.invokers.TestMethodWorker.run(TestMethodWorker.java:134)<br/>
					java.base/java.util.ArrayList.forEach(ArrayList.java:1596)<br/>
					org.testng.TestRunner.privateRun(TestRunner.java:741)<br/>
					org.testng.TestRunner.run(TestRunner.java:616)<br/>
					org.testng.SuiteRunner.runTest(SuiteRunner.java:421)<br/>
					org.testng.SuiteRunner.runSequentially(SuiteRunner.java:413)<br/>
					org.testng.SuiteRunner.privateRun(SuiteRunner.java:373)<br/>
					org.testng.SuiteRunner.run(SuiteRunner.java:312)<br/>
					org.testng.SuiteRunnerWorker.runSuite(SuiteRunnerWorker.java:52)<br/>
					org.testng.SuiteRunnerWorker.run(SuiteRunnerWorker.java:95)<br/>
					org.testng.TestNG.runSuitesSequentially(TestNG.java:1274)<br/>
					org.testng.TestNG.runSuitesLocally(TestNG.java:1208)<br/>
					org.testng.TestNG.runSuites(TestNG.java:1112)<br/>
					org.testng.TestNG.run(TestNG.java:1079)<br/>
					org.testng.remote.AbstractRemoteTestNG.run(AbstractRemoteTestNG.java:115)<br/>
					org.testng.remote.RemoteTestNG.initAndRun(RemoteTestNG.java:293)<br/>
					org.testng.remote.RemoteTestNG.main(RemoteTestNG.java:91)<br/>
						</div>
		</td>
	</div>
</tr>
						
				
												<tr>
			<td class="time">1747481882295</td>
			<td class="header passed" colspan="4" onClick="toggleElement('d61dd278-acd7-40ae-8f98-d2116be68921','block');changeSingleIcon('span-d61dd278-acd7-40ae-8f98-d2116be68921');" title="Click to expand/collapse" style="cursor: pointer;">
			<div style="float:left;"><i>Class&nbsp;:&nbsp;</i>Testing.LoginTest</div>
			<div style="float:right;">@Test @ with DataProvider : [""] &nbsp;&nbsp;<span id='span-d61dd278-acd7-40ae-8f98-d2116be68921' class="glyphicon glyphicon-menu-down"></span></div>
			</td>
			</tr>
			<tr>
	<td class="time">1747481882295</td>
	<td class="methodTest">
		<span class="description"><b>Method: </b>logintest</span><br>
			<span class="description"><b>Description: </b></span><br>
				<span class="description"><b>Priority: </b><font color='blue'>3</font></span><br>
						<span class="duration"><b>Duration: </b>0.710s</span><br>
	</td>
	<td class="result">
						<div class="stackTrace" id="d61dd278-acd7-40ae-8f98-d2116be68921" style="display: block;">
												Method name is -logintest<br>
												Status of exceusion is -1<br>
								</td>
	</div>
</tr>
						<tr>
			<td class="time">1747481882021</td>
			<td class="header passed" colspan="4" onClick="toggleElement('d2526a28-08c3-4cd2-9cf4-d48d499f125c','block');changeSingleIcon('span-d2526a28-08c3-4cd2-9cf4-d48d499f125c');" title="Click to expand/collapse" style="cursor: pointer;">
			<div style="float:left;"><i>Class&nbsp;:&nbsp;</i>Testing.LoginTest</div>
			<div style="float:right;">@Test @ with DataProvider : [""] &nbsp;&nbsp;<span id='span-d2526a28-08c3-4cd2-9cf4-d48d499f125c' class="glyphicon glyphicon-menu-down"></span></div>
			</td>
			</tr>
			<tr>
	<td class="time">1747481882021</td>
	<td class="methodTest">
		<span class="description"><b>Method: </b>loginpageTitleTest</span><br>
			<span class="description"><b>Description: </b></span><br>
				<span class="description"><b>Priority: </b><font color='blue'>1</font></span><br>
						<span class="duration"><b>Duration: </b>0.032s</span><br>
	</td>
	<td class="result">
						<div class="stackTrace" id="d2526a28-08c3-4cd2-9cf4-d48d499f125c" style="display: block;">
												Method name is -loginpageTitleTest<br>
												Status of exceusion is -1<br>
								</td>
	</div>
</tr>
					  
	</tbody>
	</table>
</div>
</body>
</html>
