<?xml version="1.0" encoding="UTF-8"?>
<!-- Generated by org.testng.reporters.JUnitXMLReporter -->
<testsuite ignored="0" hostname="DESKTOP-QKUP3QK" failures="2" tests="4" name="Testonchrome" time="5.306" errors="0" timestamp="2025-05-17T17:08:03 IST">
  <testcase classname="Testing.LoginTest" name="loginpageTitleTest" time="0.032"/>
  <testcase classname="Testing.LoginTest" name="TekskillsLogoTest" time="0.056">
    <failure type="java.lang.AssertionError" message="expected [true] but found [false]">
      <![CDATA[java.lang.AssertionError: expected [true] but found [false]
at Testing.LoginTest.TekskillsLogoTest(LoginTest.java:35)
at java.base/java.util.ArrayList.forEach(ArrayList.java:1596)
... Removed 29 stack frames]]>
    </failure>
  </testcase> <!-- TekskillsLogoTest -->
  <testcase classname="Testing.LoginTest" name="logintest" time="0.71"/>
  <testcase classname="Testing.CandidateAddDetailsTest" name="fillEmploymentDetailsTest" time="0.691">
    <failure type="java.lang.AssertionError" message="Add Details action failed or did not navigate correctly. expected [Expected Title After Save] but found [Home]">
      <![CDATA[java.lang.AssertionError: Add Details action failed or did not navigate correctly. expected [Expected Title After Save] but found [Home]
at Testing.CandidateAddDetailsTest.fillEmploymentDetailsTest(CandidateAddDetailsTest.java:29)
at java.base/java.util.ArrayList.forEach(ArrayList.java:1596)
... Removed 30 stack frames]]>
    </failure>
  </testcase> <!-- fillEmploymentDetailsTest -->
</testsuite> <!-- Testonchrome -->
