<?xml version="1.0" encoding="UTF-8"?>
<!-- Generated by org.testng.reporters.JUnitReportReporter -->
<testsuite hostname="DESKTOP-QKUP3QK" failures="1" tests="2" name="SuperadminTestCases.Roles" time="13.196" errors="0" timestamp="2025-04-30T16:58:40 IST" skipped="0">
  <testcase classname="SuperadminTestCases.Roles" name="Loginpage" time="3.104">
    <failure message="expected [true] but found [false]" type="java.lang.AssertionError">
      <![CDATA[java.lang.AssertionError: expected [true] but found [false]
at org.testng.Assert.fail(Assert.java:111)
at org.testng.Assert.failNotEquals(Assert.java:1578)
at org.testng.Assert.assertTrue(Assert.java:57)
at org.testng.Assert.assertTrue(Assert.java:67)
at SuperadminTestCases.Roles.AddRoles(Roles.java:70)
at SuperadminTestCases.Roles.Loginpage(Roles.java:28)
at java.base/jdk.internal.reflect.DirectMethodHandleAccessor.invoke(DirectMethodHandleAccessor.java:103)
at java.base/java.lang.reflect.Method.invoke(Method.java:580)
at org.testng.internal.invokers.MethodInvocationHelper.invokeMethod(MethodInvocationHelper.java:141)
at org.testng.internal.invokers.TestInvoker.invokeMethod(TestInvoker.java:686)
at org.testng.internal.invokers.TestInvoker.invokeTestMethod(TestInvoker.java:230)
at org.testng.internal.invokers.MethodRunner.runInSequence(MethodRunner.java:63)
at org.testng.internal.invokers.TestInvoker$MethodInvocationAgent.invoke(TestInvoker.java:992)
at org.testng.internal.invokers.TestInvoker.invokeTestMethods(TestInvoker.java:203)
at org.testng.internal.invokers.TestMethodWorker.invokeTestMethods(TestMethodWorker.java:154)
at org.testng.internal.invokers.TestMethodWorker.run(TestMethodWorker.java:134)
at java.base/java.util.ArrayList.forEach(ArrayList.java:1596)
at org.testng.TestRunner.privateRun(TestRunner.java:739)
at org.testng.TestRunner.run(TestRunner.java:614)
at org.testng.SuiteRunner.runTest(SuiteRunner.java:421)
at org.testng.SuiteRunner$SuiteWorker.run(SuiteRunner.java:463)
at org.testng.internal.thread.ThreadUtil.lambda$execute$0(ThreadUtil.java:64)
at java.base/java.util.concurrent.FutureTask.run(FutureTask.java:317)
at java.base/java.util.concurrent.ThreadPoolExecutor.runWorker(ThreadPoolExecutor.java:1144)
at java.base/java.util.concurrent.ThreadPoolExecutor$Worker.run(ThreadPoolExecutor.java:642)
at java.base/java.lang.Thread.run(Thread.java:1583)
]]>
    </failure>
    <system-out>
      <![CDATA[Method name is -Loginpage
<a href ="D:\Selenium data\New folder (2)\HR-Automation\screenshot\">Test result </a>]]>
    </system-out>
  </testcase> <!-- Loginpage -->
  <testcase classname="SuperadminTestCases.Roles" name="AddRoles" time="10.092">
    <system-out>
      <![CDATA[Method name is -AddRoles
Status of exceusion is -1]]>
    </system-out>
  </testcase> <!-- AddRoles -->
  <system-out>
    <![CDATA[Method name is -AddRoles
Status of exceusion is -1
Method name is -Loginpage
<a href ="D:\Selenium data\New folder (2)\HR-Automation\screenshot\">Test result </a>
Method name is -Loginpage
<a href ="D:\Selenium data\New folder (2)\HR-Automation\screenshot\">Test result </a>
Method name is -Addemployees
<a href ="D:\Selenium data\New folder (2)\HR-Automation\screenshot\">Test result </a>
==============================================================================================
Total Passed: 1(+1), Failures: 3(+3), Skips: 0(+0)
==============================================================================================
Method name is -AddRoles
Status of exceusion is -1
Method name is -Loginpage
Status of exceusion is -1
Method name is -Loginpage
==============================================================================================
Total Passed: 3(+2), Failures: 3(+0), Skips: 0(+0)
==============================================================================================]]>
  </system-out>
</testsuite> <!-- SuperadminTestCases.Roles -->
